[2025-11-09 15:24:17] local.INFO: Processing batch 43 → Slots 2151 to 2200  
[2025-11-09 15:24:18] local.INFO: Processing batch 44 → Slots 2201 to 2250  
[2025-11-09 15:24:18] local.INFO: Processing batch 45 → Slots 2251 to 2300  
[2025-11-09 15:24:18] local.INFO: Processing batch 46 → Slots 2301 to 2350  
[2025-11-09 15:24:18] local.INFO: Processing batch 47 → Slots 2351 to 2376  
[2025-11-09 15:24:18] local.INFO: Processing batch 19 → Slots 951 to 1000  
[2025-11-09 15:24:18] local.INFO: WifiLampJob completed successfully  
[2025-11-09 15:24:22] local.INFO: Processing batch 20 → Slots 1001 to 1050  
[2025-11-09 15:24:25] local.INFO: Processing batch 21 → Slots 1051 to 1100  
[2025-11-09 15:24:29] local.INFO: Processing batch 22 → Slots 1101 to 1150  
[2025-11-09 15:24:29] local.INFO: Processing batch 23 → Slots 1151 to 1200  
[2025-11-09 15:24:29] local.INFO: Processing batch 24 → Slots 1201 to 1250  
[2025-11-09 15:24:29] local.INFO: Processing batch 25 → Slots 1251 to 1300  
[2025-11-09 15:24:30] local.INFO: Processing batch 26 → Slots 1301 to 1350  
[2025-11-09 15:24:32] local.INFO: Processing batch 0 → Slots 1 to 50  
[2025-11-09 15:24:33] local.ERROR: App\Jobs\WifiLampJob has been attempted too many times. {"exception":"[object] (Illuminate\\Queue\\MaxAttemptsExceededException(code: 0): App\\Jobs\\WifiLampJob has been attempted too many times. at /var/www/html/vendor/laravel/framework/src/Illuminate/Queue/MaxAttemptsExceededException.php:24)
[stacktrace]
#0 /var/www/html/vendor/laravel/framework/src/Illuminate/Queue/Worker.php(785): Illuminate\\Queue\\MaxAttemptsExceededException::forJob()
#1 /var/www/html/vendor/laravel/framework/src/Illuminate/Queue/Worker.php(519): Illuminate\\Queue\\Worker->maxAttemptsExceededException()
#2 /var/www/html/vendor/laravel/framework/src/Illuminate/Queue/Worker.php(428): Illuminate\\Queue\\Worker->markJobAsFailedIfAlreadyExceedsMaxAttempts()
#3 /var/www/html/vendor/laravel/framework/src/Illuminate/Queue/Worker.php(389): Illuminate\\Queue\\Worker->process()
#4 /var/www/html/vendor/laravel/framework/src/Illuminate/Queue/Worker.php(176): Illuminate\\Queue\\Worker->runJob()
#5 /var/www/html/vendor/laravel/framework/src/Illuminate/Queue/Console/WorkCommand.php(137): Illuminate\\Queue\\Worker->daemon()
#6 /var/www/html/vendor/laravel/framework/src/Illuminate/Queue/Console/WorkCommand.php(120): Illuminate\\Queue\\Console\\WorkCommand->runWorker()
#7 /var/www/html/vendor/laravel/framework/src/Illuminate/Container/BoundMethod.php(36): Illuminate\\Queue\\Console\\WorkCommand->handle()
#8 /var/www/html/vendor/laravel/framework/src/Illuminate/Container/Util.php(41): Illuminate\\Container\\BoundMethod::{closure:Illuminate\\Container\\BoundMethod::call():35}()
#9 /var/www/html/vendor/laravel/framework/src/Illuminate/Container/BoundMethod.php(93): Illuminate\\Container\\Util::unwrapIfClosure()
#10 /var/www/html/vendor/laravel/framework/src/Illuminate/Container/BoundMethod.php(35): Illuminate\\Container\\BoundMethod::callBoundMethod()
#11 /var/www/html/vendor/laravel/framework/src/Illuminate/Container/Container.php(662): Illuminate\\Container\\BoundMethod::call()
#12 /var/www/html/vendor/laravel/framework/src/Illuminate/Console/Command.php(211): Illuminate\\Container\\Container->call()
#13 /var/www/html/vendor/symfony/console/Command/Command.php(326): Illuminate\\Console\\Command->execute()
#14 /var/www/html/vendor/laravel/framework/src/Illuminate/Console/Command.php(180): Symfony\\Component\\Console\\Command\\Command->run()
#15 /var/www/html/vendor/symfony/console/Application.php(1096): Illuminate\\Console\\Command->run()
#16 /var/www/html/vendor/symfony/console/Application.php(324): Symfony\\Component\\Console\\Application->doRunCommand()
#17 /var/www/html/vendor/symfony/console/Application.php(175): Symfony\\Component\\Console\\Application->doRun()
#18 /var/www/html/vendor/laravel/framework/src/Illuminate/Foundation/Console/Kernel.php(201): Symfony\\Component\\Console\\Application->run()
#19 /var/www/html/artisan(35): Illuminate\\Foundation\\Console\\Kernel->handle()
#20 {main}
"} 
[2025-11-09 15:24:33] local.INFO: Processing batch 1 → Slots 51 to 100  
[2025-11-09 15:24:33] local.DEBUG: Batch finished.  
[2025-11-09 15:24:33] local.INFO: Processing batch 27 → Slots 1351 to 1400  
[2025-11-09 15:24:36] local.INFO: Flask API processed successfully. Total slots: 43  
[2025-11-09 15:24:36] local.INFO: Processing batch 2 → Slots 101 to 150  
[2025-11-09 15:24:36] local.INFO: Parking slots updated successfully: 43  
[2025-11-09 15:24:36] local.INFO: Processing batch 28 → Slots 1401 to 1450  
[2025-11-09 15:24:40] local.INFO: Processing batch 3 → Slots 151 to 200  
[2025-11-09 15:24:40] local.INFO: Processing batch 29 → Slots 1451 to 1500  
[2025-11-09 15:24:43] local.INFO: Flask API processed successfully. Total slots: 32  
[2025-11-09 15:24:43] local.INFO: Parking slots updated successfully: 32  
[2025-11-09 15:24:43] local.INFO: Processing batch 4 → Slots 201 to 250  
[2025-11-09 15:24:44] local.INFO: Processing batch 30 → Slots 1501 to 1550  
[2025-11-09 15:24:47] local.INFO: Processing batch 5 → Slots 251 to 300  
[2025-11-09 15:24:47] local.INFO: Processing batch 6 → Slots 301 to 350  
[2025-11-09 15:24:47] local.INFO: Processing batch 31 → Slots 1551 to 1600  
[2025-11-09 15:24:50] local.INFO: Processing batch 7 → Slots 351 to 400  
[2025-11-09 15:24:50] local.INFO: Processing batch 32 → Slots 1601 to 1650  
[2025-11-09 15:24:54] local.INFO: Processing batch 8 → Slots 401 to 450  
[2025-11-09 15:24:54] local.INFO: Processing batch 33 → Slots 1651 to 1700  
[2025-11-09 15:24:57] local.INFO: Processing batch 9 → Slots 451 to 500  
[2025-11-09 15:24:57] local.INFO: Processing batch 34 → Slots 1701 to 1750  
[2025-11-09 15:25:01] local.INFO: Processing batch 10 → Slots 501 to 550  
[2025-11-09 15:25:01] local.INFO: Processing batch 35 → Slots 1751 to 1800  
[2025-11-09 15:25:01] local.INFO: Processing batch 0 → Slots 1 to 50  
[2025-11-09 15:25:01] local.INFO: Processing batch 1 → Slots 51 to 100  
[2025-11-09 15:25:05] local.INFO: Processing batch 2 → Slots 101 to 150  
[2025-11-09 15:25:05] local.INFO: Processing batch 11 → Slots 551 to 600  
[2025-11-09 15:25:06] local.INFO: Processing batch 36 → Slots 1801 to 1850  
[2025-11-09 15:25:10] local.INFO: Processing batch 3 → Slots 151 to 200  
[2025-11-09 15:25:10] local.INFO: Processing batch 37 → Slots 1851 to 1900  
[2025-11-09 15:25:10] local.INFO: Processing batch 12 → Slots 601 to 650  
[2025-11-09 15:25:10] local.INFO: Processing batch 38 → Slots 1901 to 1950  
[2025-11-09 15:25:13] local.INFO: Processing batch 13 → Slots 651 to 700  
[2025-11-09 15:25:14] local.INFO: Processing batch 4 → Slots 201 to 250  
[2025-11-09 15:25:14] local.INFO: Processing batch 39 → Slots 1951 to 2000  
[2025-11-09 15:25:14] local.INFO: Processing batch 5 → Slots 251 to 300  
[2025-11-09 15:25:14] local.INFO: Processing batch 6 → Slots 301 to 350  
[2025-11-09 15:25:17] local.INFO: Processing batch 40 → Slots 2001 to 2050  
[2025-11-09 15:25:17] local.INFO: Processing batch 14 → Slots 701 to 750  
[2025-11-09 15:25:18] local.INFO: Processing batch 41 → Slots 2051 to 2100  
[2025-11-09 15:25:18] local.INFO: Processing batch 42 → Slots 2101 to 2150  
[2025-11-09 15:25:18] local.INFO: Processing batch 7 → Slots 351 to 400  
[2025-11-09 15:25:21] local.INFO: Processing batch 15 → Slots 751 to 800  
[2025-11-09 15:25:21] local.INFO: Processing batch 43 → Slots 2151 to 2200  
[2025-11-09 15:25:21] local.INFO: Processing batch 8 → Slots 401 to 450  
[2025-11-09 15:25:21] local.INFO: Processing batch 44 → Slots 2201 to 2250  
[2025-11-09 15:25:22] local.INFO: Processing batch 45 → Slots 2251 to 2300  
[2025-11-09 15:25:22] local.INFO: Processing batch 46 → Slots 2301 to 2350  
[2025-11-09 15:25:22] local.INFO: Processing batch 47 → Slots 2351 to 2376  
[2025-11-09 15:25:22] local.INFO: WifiLampJob completed successfully  
[2025-11-09 15:25:24] local.INFO: Processing batch 16 → Slots 801 to 850  
[2025-11-09 15:25:25] local.INFO: Processing batch 9 → Slots 451 to 500  
[2025-11-09 15:25:25] local.INFO: Processing batch 17 → Slots 851 to 900  
[2025-11-09 15:25:25] local.INFO: Processing batch 18 → Slots 901 to 950  
[2025-11-09 15:25:28] local.INFO: Processing batch 10 → Slots 501 to 550  
[2025-11-09 15:25:29] local.INFO: Processing batch 19 → Slots 951 to 1000  
[2025-11-09 15:25:32] local.INFO: Processing batch 11 → Slots 551 to 600  
[2025-11-09 15:25:32] local.INFO: Processing batch 20 → Slots 1001 to 1050  
[2025-11-09 15:25:35] local.INFO: Processing batch 12 → Slots 601 to 650  
[2025-11-09 15:25:36] local.INFO: Processing batch 21 → Slots 1051 to 1100  
[2025-11-09 15:25:36] local.INFO: Processing batch 13 → Slots 651 to 700  
