  2025-11-09 15:24:18 App\Jobs\WifiLampJob ....................... 1m 46s DONE
  2025-11-09 15:24:19 App\Jobs\ProcessCameraImageJoblist\MainProcessCameraImage  6s DONE
  2025-11-09 15:24:19 App\Jobs\ProcessCameraImageJoblist\MainProcessCameraImage  RUNNING
  2025-11-09 15:24:19 App\Jobs\ProcessCameraImageJoblist\MainProcessCameraImage  RUNNING
  2025-11-09 15:24:24 App\Jobs\ProcessCameraImageJoblist\MainProcessCameraImage  10s DONE
  2025-11-09 15:24:25 App\Jobs\ProcessCameraImageJoblist\MainProcessCameraImage  11s DONE
  2025-11-09 15:24:25 App\Jobs\ProcessCameraImageJoblist\MainProcessCameraImage  RUNNING
  2025-11-09 15:24:26 App\Jobs\ProcessCameraImageJoblist\MainProcessCameraImage  RUNNING
  2025-11-09 15:24:29 App\Jobs\ProcessCameraImageJoblist\MainProcessCameraImage  10s DONE
  2025-11-09 15:24:30 App\Jobs\ProcessCameraImageJoblist\MainProcessCameraImage  10s DONE
  2025-11-09 15:24:30 App\Jobs\ProcessCameraImageJoblist\MainProcessCameraImage  RUNNING
  2025-11-09 15:24:30 App\Jobs\FlaskDetectNumberPlateSlotsCoordinate . RUNNING
  2025-11-09 15:24:32 App\Jobs\ProcessCameraImageJoblist\MainProcessCameraImage  6s DONE
  2025-11-09 15:24:32 App\Jobs\ProcessCameraImageJoblist\MainProcessCameraImage  6s DONE
  2025-11-09 15:24:32 App\Jobs\WifiLampJob ........................... RUNNING
  2025-11-09 15:24:33 App\Jobs\WifiLampJob ........................... RUNNING
  2025-11-09 15:24:33 App\Jobs\WifiLampJob ....................... 1.94ms FAIL
  2025-11-09 15:24:33 App\Jobs\ProcessCameraImageJoblist\MainProcessCameraImage  3s DONE
  2025-11-09 15:24:34 App\Jobs\ProcessParkingSlotsCoordinate ......... RUNNING
  2025-11-09 15:24:36 App\Jobs\FlaskDetectNumberPlateSlotsCoordinate . 6s DONE
  2025-11-09 15:24:37 App\Jobs\FlaskDetectNumberPlateSlotsCoordinateTwo  RUNNING
  2025-11-09 15:24:43 App\Jobs\FlaskDetectNumberPlateSlotsCoordinateTwo  5s DONE
  2025-11-09 15:24:48 App\Jobs\ProcessParkingSlotsCoordinate ........ 13s DONE
  2025-11-09 15:25:01 App\Jobs\WifiLampJob ........................... RUNNING
  2025-11-09 15:25:02 App\Jobs\ProcessCameraImageJoblist\MainProcessCameraImage  RUNNING
  2025-11-09 15:25:03 App\Jobs\ProcessCameraImageJoblist\MainProcessCameraImage  RUNNING
  2025-11-09 15:25:10 App\Jobs\ProcessCameraImageJoblist\MainProcessCameraImage  8s DONE
  2025-11-09 15:25:10 App\Jobs\ProcessCameraImageJoblist\MainProcessCameraImage  7s DONE
  2025-11-09 15:25:10 App\Jobs\ProcessCameraImageJoblist\MainProcessCameraImage  RUNNING
  2025-11-09 15:25:11 App\Jobs\ProcessCameraImageJoblist\MainProcessCameraImage  RUNNING
